template1/android/app/build/intermediates/manifest_merge_blame_file/release/manifest-merger-blame-release-report.txt
1<?xml version="1.0" encoding="utf-8"?>
2<manifest xmlns:android="http://schemas.android.com/apk/res/android"
3    package="com.helloworld"
4    android:versionCode="1"
5    android:versionName="1.0" >
6
7    <uses-sdk
8        android:minSdkVersion="21"
8-->src/main/AndroidManifest.xml
9        android:targetSdkVersion="29" />
9-->src/main/AndroidManifest.xml
10
11    <uses-permission android:name="android.permission.INTERNET" />
11-->src/main/AndroidManifest.xml:4:5-67
11-->src/main/AndroidManifest.xml:4:22-64
12
13    <application
13-->src/main/AndroidManifest.xml:6:5-30:19
14        android:name="com.helloworld.MainApplication"
14-->src/main/AndroidManifest.xml:7:7-38
15        android:allowBackup="false"
15-->src/main/AndroidManifest.xml:11:7-34
16        android:appComponentFactory="androidx.core.app.CoreComponentFactory"
16-->[androidx.core:core:1.1.0] AndroidManifest.xml:24:18-86
17        android:icon="@mipmap/ic_launcher"
17-->src/main/AndroidManifest.xml:9:7-41
18        android:label="@string/app_name"
18-->src/main/AndroidManifest.xml:8:7-39
19        android:roundIcon="@mipmap/ic_launcher_round"
19-->src/main/AndroidManifest.xml:10:7-52
20        android:theme="@style/AppTheme" >
20-->src/main/AndroidManifest.xml:12:7-38
21        <activity
21-->src/main/AndroidManifest.xml:13:7-21:20
22            android:name="com.helloworld.SplashActivity"
22-->src/main/AndroidManifest.xml:14:11-41
23            android:label="@string/app_name"
23-->src/main/AndroidManifest.xml:16:11-43
24            android:theme="@style/SplashTheme" >
24-->src/main/AndroidManifest.xml:15:11-45
25            <intent-filter>
25-->src/main/AndroidManifest.xml:17:11-20:27
26                <action android:name="android.intent.action.MAIN" />
26-->src/main/AndroidManifest.xml:18:15-67
26-->src/main/AndroidManifest.xml:18:23-64
27
28                <category android:name="android.intent.category.LAUNCHER" />
28-->src/main/AndroidManifest.xml:19:15-75
28-->src/main/AndroidManifest.xml:19:25-72
29            </intent-filter>
30        </activity>
31        <activity
31-->src/main/AndroidManifest.xml:22:7-28:34
32            android:name="com.helloworld.MainActivity"
32-->src/main/AndroidManifest.xml:23:9-37
33            android:configChanges="keyboard|keyboardHidden|orientation|screenSize|uiMode"
33-->src/main/AndroidManifest.xml:25:9-86
34            android:exported="true"
34-->src/main/AndroidManifest.xml:28:9-32
35            android:label="@string/app_name"
35-->src/main/AndroidManifest.xml:24:9-41
36            android:launchMode="singleTask"
36-->src/main/AndroidManifest.xml:26:9-40
37            android:windowSoftInputMode="adjustResize" />
37-->src/main/AndroidManifest.xml:27:9-51
38        <activity android:name="com.facebook.react.devsupport.DevSettingsActivity" />
38-->src/main/AndroidManifest.xml:29:7-84
38-->src/main/AndroidManifest.xml:29:17-81
39    </application>
40
41</manifest>